<?xml version="1.0" encoding="UTF-8"?>
<testng-results ignored="0" total="1" passed="1" failed="0" skipped="0">
  <reporter-output>
  </reporter-output>
  <suite started-at="2024-05-16T12:28:17 IST" name="Test Suite" finished-at="2024-05-16T12:28:53 IST" duration-ms="35187">
    <groups>
    </groups>
    <test started-at="2024-05-16T12:28:17 IST" name="BlazeDemo Test" finished-at="2024-05-16T12:28:53 IST" duration-ms="35187">
      <class name="com.eComDeveloper.tests.TestCase_1">
        <test-method is-config="true" signature="setUp()[pri:0, instance:com.eComDeveloper.tests.TestCase_1@43f02ef2]" started-at="2024-05-16T12:28:17 IST" name="setUp" finished-at="2024-05-16T12:28:25 IST" duration-ms="7366" status="PASS">
          <reporter-output>
          </reporter-output>
        </test-method> <!-- setUp -->
        <test-method signature="test()[pri:0, instance:com.eComDeveloper.tests.TestCase_1@43f02ef2]" started-at="2024-05-16T12:28:25 IST" name="test" finished-at="2024-05-16T12:28:52 IST" duration-ms="27103" status="PASS">
          <reporter-output>
          </reporter-output>
        </test-method> <!-- test -->
        <test-method is-config="true" signature="tearDown()[pri:0, instance:com.eComDeveloper.tests.TestCase_1@43f02ef2]" started-at="2024-05-16T12:28:52 IST" name="tearDown" finished-at="2024-05-16T12:28:53 IST" duration-ms="556" status="PASS">
          <reporter-output>
          </reporter-output>
        </test-method> <!-- tearDown -->
      </class> <!-- com.eComDeveloper.tests.TestCase_1 -->
    </test> <!-- BlazeDemo Test -->
  </suite> <!-- Test Suite -->
</testng-results>
