<?xml version="1.0" encoding="UTF-8"?>
<testng-results ignored="0" total="1" passed="1" failed="0" skipped="0">
  <reporter-output>
  </reporter-output>
  <suite started-at="2024-05-16T23:31:47 IST" name="Default suite" finished-at="2024-05-16T23:32:12 IST" duration-ms="24702">
    <groups>
    </groups>
    <test started-at="2024-05-16T23:31:47 IST" name="Default test" finished-at="2024-05-16T23:32:12 IST" duration-ms="24702">
      <class name="com.eComDeveloper.tests.TestCase_1">
        <test-method is-config="true" signature="setUp()[pri:0, instance:com.eComDeveloper.tests.TestCase_1@4e5ed836]" started-at="2024-05-16T23:31:47 IST" name="setUp" finished-at="2024-05-16T23:31:55 IST" duration-ms="7547" status="PASS">
          <reporter-output>
          </reporter-output>
        </test-method> <!-- setUp -->
        <test-method signature="test()[pri:0, instance:com.eComDeveloper.tests.TestCase_1@4e5ed836]" started-at="2024-05-16T23:31:55 IST" name="test" finished-at="2024-05-16T23:32:11 IST" duration-ms="16456" status="PASS">
          <reporter-output>
          </reporter-output>
        </test-method> <!-- test -->
        <test-method is-config="true" signature="tearDown()[pri:0, instance:com.eComDeveloper.tests.TestCase_1@4e5ed836]" started-at="2024-05-16T23:32:11 IST" name="tearDown" finished-at="2024-05-16T23:32:12 IST" duration-ms="557" status="PASS">
          <reporter-output>
          </reporter-output>
        </test-method> <!-- tearDown -->
      </class> <!-- com.eComDeveloper.tests.TestCase_1 -->
    </test> <!-- Default test -->
  </suite> <!-- Default suite -->
</testng-results>
